2023-02-21 23:14:23,653 [INFO  ] APITest - Add user
2023-02-21 23:14:25,742 [INFO  ] APITest - Check list of users
2023-02-21 23:15:18,976 [DEBUG ] APITest - 201
2023-02-21 23:15:18,979 [DEBUG ] APITest - 1102
2023-02-22 11:51:00,272 [INFO  ] APITest - Check list of users2023-02-23 21:26:31,305 [INFO  ] APITest - Add user
2023-02-23 21:26:32,692 [DEBUG ] APITest - 201
2023-02-23 21:26:32,693 [DEBUG ] APITest - 995
2023-02-23 21:26:32,698 [INFO  ] APITest - Check list of users
2023-02-23 21:32:22,101 [INFO  ] APITest - Check list of users
2023-02-23 21:32:43,715 [INFO  ] APITest - Add user
2023-02-23 21:32:45,042 [DEBUG ] APITest - 201
2023-02-23 21:32:45,042 [DEBUG ] APITest - 944
2023-02-23 21:34:45,215 [INFO  ] APITest - Add user
2023-02-23 21:34:46,443 [DEBUG ] APITest - 201
2023-02-23 21:34:46,444 [DEBUG ] APITest - 844
2023-02-23 21:34:46,444 [DEBUG ] APITest - io.restassured.internal.RestAssuredResponseImpl@65e22def
2023-02-23 21:42:10,509 [INFO  ] APITest - Add user
2023-02-23 21:42:11,963 [DEBUG ] APITest - 201
2023-02-23 21:42:11,964 [DEBUG ] APITest - 1037
2023-02-23 21:43:30,391 [INFO  ] APITest - Add user
2023-02-23 21:43:31,666 [DEBUG ] APITest - 201
2023-02-23 21:43:31,667 [DEBUG ] APITest - 860
2023-02-23 21:43:31,667 [DEBUG ] APITest - io.restassured.internal.RestAssuredResponseImpl@5426cb36
